<?xml version="1.0" encoding="UTF-8"?>
<!-- Generated by org.testng.reporters.JUnitReportReporter -->
<testsuite hostname="Asra" failures="0" tests="3" name="testCases.TC03_AddToCart" time="7.362" errors="0" timestamp="2025-02-19T01:25:21 EST" skipped="0">
  <testcase classname="testCases.TC03_AddToCart" name="testAddToCart" time="2.467"/>
  <testcase classname="testCases.TC03_AddToCart" name="testAddToCart" time="2.549"/>
  <testcase classname="testCases.TC03_AddToCart" name="testAddToCart" time="2.346"/>
</testsuite> <!-- testCases.TC03_AddToCart -->
