<?xml version="1.0" encoding="UTF-8"?>
<!-- Generated by org.testng.reporters.JUnitReportReporter -->
<testsuite hostname="Asra" failures="0" tests="15" name="testCases.TC02_Login" time="44.449" errors="0" timestamp="2025-02-19T01:25:21 EST" skipped="0">
  <testcase classname="testCases.TC02_Login" name="testLogin" time="3.299"/>
  <testcase classname="testCases.TC02_Login" name="testLogin" time="2.723"/>
  <testcase classname="testCases.TC02_Login" name="testLogin" time="2.969"/>
  <testcase classname="testCases.TC02_Login" name="testLogin" time="2.556"/>
  <testcase classname="testCases.TC02_Login" name="testLogin" time="3.045"/>
  <testcase classname="testCases.TC02_Login" name="testLogin" time="3.219"/>
  <testcase classname="testCases.TC02_Login" name="testLogin" time="2.668"/>
  <testcase classname="testCases.TC02_Login" name="testLogin" time="2.738"/>
  <testcase classname="testCases.TC02_Login" name="testLogin" time="2.829"/>
  <testcase classname="testCases.TC02_Login" name="testLogin" time="2.746"/>
  <testcase classname="testCases.TC02_Login" name="testLogin" time="3.208"/>
  <testcase classname="testCases.TC02_Login" name="testLogin" time="2.868"/>
  <testcase classname="testCases.TC02_Login" name="testLogin" time="2.906"/>
  <testcase classname="testCases.TC02_Login" name="testLogin" time="3.545"/>
  <testcase classname="testCases.TC02_Login" name="testLogin" time="3.130"/>
</testsuite> <!-- testCases.TC02_Login -->
