<?xml version="1.0" encoding="UTF-8"?>
<!-- Generated by org.testng.reporters.JUnitReportReporter -->
<testsuite hostname="Asra" failures="0" tests="3" name="testCases.TC01_LaunchApplication" time="0.167" errors="0" timestamp="2025-02-19T01:25:21 EST" skipped="0">
  <testcase classname="testCases.TC01_LaunchApplication" name="testLaunchApplication" time="0.038"/>
  <testcase classname="testCases.TC01_LaunchApplication" name="testLaunchApplication" time="0.046"/>
  <testcase classname="testCases.TC01_LaunchApplication" name="testLaunchApplication" time="0.083"/>
</testsuite> <!-- testCases.TC01_LaunchApplication -->
