<?xml version="1.0" encoding="UTF-8"?>
<!-- Generated by org.testng.reporters.JUnitReportReporter -->
<testsuite hostname="Asra" failures="0" tests="3" name="testCases.TC01_LaunchApplication" time="0.276" errors="0" timestamp="2025-02-19T18:28:39 EST" skipped="0">
  <testcase classname="testCases.TC01_LaunchApplication" name="testLaunchApplication" time="0.071"/>
  <testcase classname="testCases.TC01_LaunchApplication" name="testLaunchApplication" time="0.150"/>
  <testcase classname="testCases.TC01_LaunchApplication" name="testLaunchApplication" time="0.055"/>
</testsuite> <!-- testCases.TC01_LaunchApplication -->
