<?xml version="1.0" encoding="UTF-8"?>
<!-- Generated by org.testng.reporters.JUnitReportReporter -->
<testsuite hostname="Asra" failures="0" tests="15" name="testCases.TC02_Login" time="46.691" errors="0" timestamp="2025-02-19T18:28:39 EST" skipped="0">
  <testcase classname="testCases.TC02_Login" name="testLogin" time="3.059"/>
  <testcase classname="testCases.TC02_Login" name="testLogin" time="2.999"/>
  <testcase classname="testCases.TC02_Login" name="testLogin" time="4.821"/>
  <testcase classname="testCases.TC02_Login" name="testLogin" time="3.150"/>
  <testcase classname="testCases.TC02_Login" name="testLogin" time="2.843"/>
  <testcase classname="testCases.TC02_Login" name="testLogin" time="2.744"/>
  <testcase classname="testCases.TC02_Login" name="testLogin" time="2.881"/>
  <testcase classname="testCases.TC02_Login" name="testLogin" time="2.534"/>
  <testcase classname="testCases.TC02_Login" name="testLogin" time="3.141"/>
  <testcase classname="testCases.TC02_Login" name="testLogin" time="2.771"/>
  <testcase classname="testCases.TC02_Login" name="testLogin" time="2.629"/>
  <testcase classname="testCases.TC02_Login" name="testLogin" time="2.830"/>
  <testcase classname="testCases.TC02_Login" name="testLogin" time="4.527"/>
  <testcase classname="testCases.TC02_Login" name="testLogin" time="2.965"/>
  <testcase classname="testCases.TC02_Login" name="testLogin" time="2.797"/>
</testsuite> <!-- testCases.TC02_Login -->
