<?xml version="1.0" encoding="UTF-8"?>
<!-- Generated by org.testng.reporters.JUnitReportReporter -->
<testsuite hostname="Asra" failures="0" tests="3" name="testCases.TC03_AddToCart" time="7.563" errors="0" timestamp="2025-02-19T18:28:39 EST" skipped="0">
  <testcase classname="testCases.TC03_AddToCart" name="testAddToCart" time="2.193"/>
  <testcase classname="testCases.TC03_AddToCart" name="testAddToCart" time="2.285"/>
  <testcase classname="testCases.TC03_AddToCart" name="testAddToCart" time="3.085"/>
</testsuite> <!-- testCases.TC03_AddToCart -->
