<?xml version="1.0" encoding="UTF-8"?>
<!-- Generated by org.testng.reporters.JUnitReportReporter -->
<testsuite hostname="Asra" failures="0" tests="3" name="testCases.TC06_PurchaseAGiftCertificate" time="5.764" errors="0" timestamp="2025-02-19T18:28:39 EST" skipped="0">
  <testcase classname="testCases.TC06_PurchaseAGiftCertificate" name="testPurchaseAGiftCertificate" time="1.853"/>
  <testcase classname="testCases.TC06_PurchaseAGiftCertificate" name="testPurchaseAGiftCertificate" time="1.948"/>
  <testcase classname="testCases.TC06_PurchaseAGiftCertificate" name="testPurchaseAGiftCertificate" time="1.963"/>
</testsuite> <!-- testCases.TC06_PurchaseAGiftCertificate -->
